<?xml version="1.0" encoding="utf-8"?>
<!DOCTYPE hibernate-configuration PUBLIC
        "-//Hibernate/Hibernate Configuration DTD 3.0//EN"
        "http://hibernate.sourceforge.net/hibernate-configuration-3.0.dtd">

<hibernate-configuration>
    <session-factory>
        <mapping resource="AppFramework.hbm.xml"/>

        <mapping resource="ExportedPackage.hbm.xml" />
        <mapping resource="ImportedPackage.hbm.xml" />
        <mapping resource="ImportedItem.hbm.xml" />

        <!--metadata mapping module-->
        <mapping resource="MetadataSource.hbm.xml"/>
        <mapping resource="MetadataTermMapping.hbm.xml"/>
        <mapping resource="ReportDesign.hbm.xml"/>
        <mapping resource="ReportRequest.hbm.xml"/>
        <mapping resource="HtmlFormEntryHtmlForm.hbm.xml"/>
    </session-factory>
</hibernate-configuration>
